<?xml version="1.0" encoding="UTF-8"?>
<testsuite name="com.youngho.domain.ordergroup.OrderGroupRepositoryTest" tests="1" skipped="0" failures="0" errors="0" timestamp="2021-08-01T11:23:23" hostname="jeon-yonghoui-MacBook-Pro.local" time="0.388">
  <properties/>
  <testcase name="OrderGroup_등록_테스트()" classname="com.youngho.domain.ordergroup.OrderGroupRepositoryTest" time="0.388"/>
  <system-out><![CDATA[20:23:16.183 [Test worker] DEBUG org.springframework.test.context.BootstrapUtils - Instantiating CacheAwareContextLoaderDelegate from class [org.springframework.test.context.cache.DefaultCacheAwareContextLoaderDelegate]
20:23:16.202 [Test worker] DEBUG org.springframework.test.context.BootstrapUtils - Instantiating BootstrapContext using constructor [public org.springframework.test.context.support.DefaultBootstrapContext(java.lang.Class,org.springframework.test.context.CacheAwareContextLoaderDelegate)]
20:23:16.242 [Test worker] DEBUG org.springframework.test.context.BootstrapUtils - Instantiating TestContextBootstrapper for test class [com.youngho.domain.ordergroup.OrderGroupRepositoryTest] from class [org.springframework.boot.test.context.SpringBootTestContextBootstrapper]
20:23:16.257 [Test worker] INFO org.springframework.boot.test.context.SpringBootTestContextBootstrapper - Neither @ContextConfiguration nor @ContextHierarchy found for test class [com.youngho.domain.ordergroup.OrderGroupRepositoryTest], using SpringBootContextLoader
20:23:16.262 [Test worker] DEBUG org.springframework.test.context.support.AbstractContextLoader - Did not detect default resource location for test class [com.youngho.domain.ordergroup.OrderGroupRepositoryTest]: class path resource [com/youngho/domain/ordergroup/OrderGroupRepositoryTest-context.xml] does not exist
20:23:16.262 [Test worker] DEBUG org.springframework.test.context.support.AbstractContextLoader - Did not detect default resource location for test class [com.youngho.domain.ordergroup.OrderGroupRepositoryTest]: class path resource [com/youngho/domain/ordergroup/OrderGroupRepositoryTestContext.groovy] does not exist
20:23:16.262 [Test worker] INFO org.springframework.test.context.support.AbstractContextLoader - Could not detect default resource locations for test class [com.youngho.domain.ordergroup.OrderGroupRepositoryTest]: no resource found for suffixes {-context.xml, Context.groovy}.
20:23:16.263 [Test worker] INFO org.springframework.test.context.support.AnnotationConfigContextLoaderUtils - Could not detect default configuration classes for test class [com.youngho.domain.ordergroup.OrderGroupRepositoryTest]: OrderGroupRepositoryTest does not declare any static, non-private, non-final, nested classes annotated with @Configuration.
20:23:16.337 [Test worker] DEBUG org.springframework.test.context.support.ActiveProfilesUtils - Could not find an 'annotation declaring class' for annotation type [org.springframework.test.context.ActiveProfiles] and class [com.youngho.domain.ordergroup.OrderGroupRepositoryTest]
20:23:16.414 [Test worker] DEBUG org.springframework.context.annotation.ClassPathScanningCandidateComponentProvider - Identified candidate component class: file [/Users/jeon-yongho/Desktop/ddd-springcloud-msa/ordergroup/build/classes/java/main/com/youngho/OrderGroupApplication.class]
20:23:16.416 [Test worker] INFO org.springframework.boot.test.context.SpringBootTestContextBootstrapper - Found @SpringBootConfiguration com.youngho.OrderGroupApplication for test class com.youngho.domain.ordergroup.OrderGroupRepositoryTest
20:23:16.535 [Test worker] DEBUG org.springframework.boot.test.context.SpringBootTestContextBootstrapper - @TestExecutionListeners is not present for class [com.youngho.domain.ordergroup.OrderGroupRepositoryTest]: using defaults.
20:23:16.536 [Test worker] INFO org.springframework.boot.test.context.SpringBootTestContextBootstrapper - Loaded default TestExecutionListener class names from location [META-INF/spring.factories]: [org.springframework.boot.test.autoconfigure.restdocs.RestDocsTestExecutionListener, org.springframework.boot.test.autoconfigure.web.client.MockRestServiceServerResetTestExecutionListener, org.springframework.boot.test.autoconfigure.web.servlet.MockMvcPrintOnlyOnFailureTestExecutionListener, org.springframework.boot.test.autoconfigure.web.servlet.WebDriverTestExecutionListener, org.springframework.boot.test.autoconfigure.webservices.client.MockWebServiceServerTestExecutionListener, org.springframework.boot.test.mock.mockito.MockitoTestExecutionListener, org.springframework.boot.test.mock.mockito.ResetMocksTestExecutionListener, org.springframework.test.context.web.ServletTestExecutionListener, org.springframework.test.context.support.DirtiesContextBeforeModesTestExecutionListener, org.springframework.test.context.support.DependencyInjectionTestExecutionListener, org.springframework.test.context.support.DirtiesContextTestExecutionListener, org.springframework.test.context.transaction.TransactionalTestExecutionListener, org.springframework.test.context.jdbc.SqlScriptsTestExecutionListener, org.springframework.test.context.event.EventPublishingTestExecutionListener]
20:23:16.562 [Test worker] INFO org.springframework.boot.test.context.SpringBootTestContextBootstrapper - Using TestExecutionListeners: [org.springframework.test.context.web.ServletTestExecutionListener@8384e69, org.springframework.test.context.support.DirtiesContextBeforeModesTestExecutionListener@553f1a46, org.springframework.boot.test.mock.mockito.MockitoTestExecutionListener@7e5c183, org.springframework.boot.test.autoconfigure.SpringBootDependencyInjectionTestExecutionListener@28b84b0c, org.springframework.test.context.support.DirtiesContextTestExecutionListener@62b91374, org.springframework.test.context.transaction.TransactionalTestExecutionListener@4f79c84f, org.springframework.test.context.jdbc.SqlScriptsTestExecutionListener@66b9e1fa, org.springframework.test.context.event.EventPublishingTestExecutionListener@c33360a, org.springframework.boot.test.autoconfigure.restdocs.RestDocsTestExecutionListener@263bb64b, org.springframework.boot.test.autoconfigure.web.client.MockRestServiceServerResetTestExecutionListener@27012973, org.springframework.boot.test.autoconfigure.web.servlet.MockMvcPrintOnlyOnFailureTestExecutionListener@e9eba58, org.springframework.boot.test.autoconfigure.web.servlet.WebDriverTestExecutionListener@1b084ee7, org.springframework.boot.test.autoconfigure.webservices.client.MockWebServiceServerTestExecutionListener@60fa3a23, org.springframework.boot.test.mock.mockito.ResetMocksTestExecutionListener@4e1eddfe]
20:23:16.568 [Test worker] DEBUG org.springframework.test.context.support.AbstractDirtiesContextTestExecutionListener - Before test class: context [DefaultTestContext@3ac2287e testClass = OrderGroupRepositoryTest, testInstance = [null], testMethod = [null], testException = [null], mergedContextConfiguration = [WebMergedContextConfiguration@21a99d32 testClass = OrderGroupRepositoryTest, locations = '{}', classes = '{class com.youngho.OrderGroupApplication}', contextInitializerClasses = '[]', activeProfiles = '{}', propertySourceLocations = '{}', propertySourceProperties = '{org.springframework.boot.test.context.SpringBootTestContextBootstrapper=true}', contextCustomizers = set[org.springframework.boot.test.autoconfigure.actuate.metrics.MetricsExportContextCustomizerFactory$DisableMetricExportContextCustomizer@1b888e1f, org.springframework.boot.test.autoconfigure.properties.PropertyMappingContextCustomizer@0, org.springframework.boot.test.autoconfigure.web.servlet.WebDriverContextCustomizerFactory$Customizer@5d31dd51, org.springframework.boot.test.context.filter.ExcludeFilterContextCustomizer@7b9eaf79, org.springframework.boot.test.json.DuplicateJsonObjectContextCustomizerFactory$DuplicateJsonObjectContextCustomizer@61234c3, org.springframework.boot.test.mock.mockito.MockitoContextCustomizer@0, org.springframework.boot.test.web.client.TestRestTemplateContextCustomizer@123b19c7, org.springframework.boot.test.context.SpringBootTestArgs@1, org.springframework.boot.test.context.SpringBootTestWebEnvironment@388f6081], resourceBasePath = 'src/main/webapp', contextLoader = 'org.springframework.boot.test.context.SpringBootContextLoader', parent = [null]], attributes = map['org.springframework.test.context.web.ServletTestExecutionListener.activateListener' -> true]], class annotated with @DirtiesContext [false] with mode [null].
20:23:16.622 [Test worker] DEBUG org.springframework.test.context.support.TestPropertySourceUtils - Adding inlined properties to environment: {spring.jmx.enabled=false, org.springframework.boot.test.context.SpringBootTestContextBootstrapper=true}

  .   ____          _            __ _ _
 /\\ / ___'_ __ _ _(_)_ __  __ _ \ \ \ \
( ( )\___ | '_ | '_| | '_ \/ _` | \ \ \ \
 \\/  ___)| |_)| | | | | || (_| |  ) ) ) )
  '  |____| .__|_| |_|_| |_\__, | / / / /
 =========|_|==============|___/=/_/_/_/
 :: Spring Boot ::                (v2.4.1)

2021-08-01 20:23:17.066  INFO 38168 --- [    Test worker] c.y.d.o.OrderGroupRepositoryTest         : Starting OrderGroupRepositoryTest using Java 1.8.0_282 on jeon-yonghoui-MacBook-Pro.local with PID 38168 (started by jeon-yongho in /Users/jeon-yongho/Desktop/ddd-springcloud-msa/ordergroup)
2021-08-01 20:23:17.070  INFO 38168 --- [    Test worker] c.y.d.o.OrderGroupRepositoryTest         : No active profile set, falling back to default profiles: default
2021-08-01 20:23:18.326  INFO 38168 --- [    Test worker] .s.d.r.c.RepositoryConfigurationDelegate : Bootstrapping Spring Data JPA repositories in DEFAULT mode.
2021-08-01 20:23:18.469  INFO 38168 --- [    Test worker] .s.d.r.c.RepositoryConfigurationDelegate : Finished Spring Data repository scanning in 129 ms. Found 3 JPA repository interfaces.
2021-08-01 20:23:19.302  INFO 38168 --- [    Test worker] o.hibernate.jpa.internal.util.LogHelper  : HHH000204: Processing PersistenceUnitInfo [name: default]
2021-08-01 20:23:19.387  INFO 38168 --- [    Test worker] org.hibernate.Version                    : HHH000412: Hibernate ORM core version 5.4.25.Final
2021-08-01 20:23:19.661  INFO 38168 --- [    Test worker] o.hibernate.annotations.common.Version   : HCANN000001: Hibernate Commons Annotations {5.1.2.Final}
2021-08-01 20:23:19.820  INFO 38168 --- [    Test worker] com.zaxxer.hikari.HikariDataSource       : HikariPool-1 - Starting...
2021-08-01 20:23:20.234  INFO 38168 --- [    Test worker] com.zaxxer.hikari.HikariDataSource       : HikariPool-1 - Start completed.
2021-08-01 20:23:20.260  INFO 38168 --- [    Test worker] org.hibernate.dialect.Dialect            : HHH000400: Using dialect: org.hibernate.dialect.MySQL5InnoDBDialect
Hibernate: alter table line_item drop foreign key FK5a24rrqtwjct6ufnwkh6v750k
Hibernate: alter table line_item drop foreign key FK237t8tbj9haibqe7wafj4t54x
Hibernate: drop table if exists hibernate_sequence
Hibernate: drop table if exists line_item
Hibernate: drop table if exists order_group
Hibernate: drop table if exists product
Hibernate: create table hibernate_sequence (next_val bigint) engine=InnoDB
Hibernate: insert into hibernate_sequence values ( 1 )
Hibernate: create table line_item (id bigint not null, order_id bigint, product_id bigint, primary key (id)) engine=InnoDB
Hibernate: create table order_group (id bigint not null auto_increment, description varchar(255), status bit not null, primary key (id)) engine=InnoDB
Hibernate: create table product (id bigint not null auto_increment, description varchar(255), name varchar(255), price integer not null, primary key (id)) engine=InnoDB
Hibernate: alter table line_item add constraint FK5a24rrqtwjct6ufnwkh6v750k foreign key (order_id) references order_group (id)
Hibernate: alter table line_item add constraint FK237t8tbj9haibqe7wafj4t54x foreign key (product_id) references product (id)
2021-08-01 20:23:21.788  INFO 38168 --- [    Test worker] o.h.e.t.j.p.i.JtaPlatformInitiator       : HHH000490: Using JtaPlatform implementation: [org.hibernate.engine.transaction.jta.platform.internal.NoJtaPlatform]
2021-08-01 20:23:21.797  INFO 38168 --- [    Test worker] j.LocalContainerEntityManagerFactoryBean : Initialized JPA EntityManagerFactory for persistence unit 'default'
2021-08-01 20:23:22.451  INFO 38168 --- [    Test worker] o.s.s.concurrent.ThreadPoolTaskExecutor  : Initializing ExecutorService 'applicationTaskExecutor'
2021-08-01 20:23:23.778  INFO 38168 --- [    Test worker] c.y.d.o.OrderGroupRepositoryTest         : Started OrderGroupRepositoryTest in 7.143 seconds (JVM running for 8.584)
Hibernate: insert into product (description, name, price) values (?, ?, ?)
Hibernate: insert into order_group (description, status) values (?, ?)
Hibernate: select next_val as id_val from hibernate_sequence for update
Hibernate: update hibernate_sequence set next_val= ? where next_val=?
Hibernate: insert into line_item (order_id, product_id, id) values (?, ?, ?)
]]></system-out>
  <system-err><![CDATA[]]></system-err>
</testsuite>
